<?xml version="1.0" encoding="UTF-8"?>
<testsuite xmlns:xsi="http://www.w3.org/2001/XMLSchema-instance" xsi:noNamespaceSchemaLocation="https://maven.apache.org/surefire/maven-surefire-plugin/xsd/surefire-test-report.xsd" name="service.CategoryProductSaleServiceImplTest" time="0.435" tests="1" errors="0" skipped="0" failures="0">
  <properties>
[...]
</properties>
  <testcase name="saveCategoryProductSalesListToPostgresDatabase_whenMethodIsCalled_shouldSaveCategoryProductSaleListToProgresDB" classname="service.CategoryProductSaleServiceImplTest" time="0.422"/>
</testsuite>